  generational.cpp
C:\Users\colem\Desktop\Sophomore\Spring\Artificial Intelligence\GA Cipher Buster\GA Cipher Buster\generational.cpp(36,21): warning C4018: '<': signed/unsigned mismatch
C:\Users\colem\Desktop\Sophomore\Spring\Artificial Intelligence\GA Cipher Buster\GA Cipher Buster\generational.cpp(114,20): warning C4018: '<': signed/unsigned mismatch
  Genetic.cpp
C:\Users\colem\Desktop\Sophomore\Spring\Artificial Intelligence\GA Cipher Buster\GA Cipher Buster\Genetic.cpp(71,40): warning C4018: '<': signed/unsigned mismatch
C:\Users\colem\Desktop\Sophomore\Spring\Artificial Intelligence\GA Cipher Buster\GA Cipher Buster\Genetic.cpp(81,33): warning C4018: '<': signed/unsigned mismatch
C:\Users\colem\Desktop\Sophomore\Spring\Artificial Intelligence\GA Cipher Buster\GA Cipher Buster\Genetic.cpp(156,38): warning C4018: '<': signed/unsigned mismatch
C:\Users\colem\Desktop\Sophomore\Spring\Artificial Intelligence\GA Cipher Buster\GA Cipher Buster\Genetic.cpp(158,27): warning C4018: '<': signed/unsigned mismatch
C:\Users\colem\Desktop\Sophomore\Spring\Artificial Intelligence\GA Cipher Buster\GA Cipher Buster\Genetic.cpp(176,34): warning C4018: '<': signed/unsigned mismatch
C:\Users\colem\Desktop\Sophomore\Spring\Artificial Intelligence\GA Cipher Buster\GA Cipher Buster\Genetic.cpp(187,33): warning C4018: '<': signed/unsigned mismatch
C:\Users\colem\Desktop\Sophomore\Spring\Artificial Intelligence\GA Cipher Buster\GA Cipher Buster\Genetic.cpp(210,20): warning C4018: '<': signed/unsigned mismatch
C:\Users\colem\Desktop\Sophomore\Spring\Artificial Intelligence\GA Cipher Buster\GA Cipher Buster\Genetic.cpp(223,20): warning C4018: '<': signed/unsigned mismatch
C:\Users\colem\Desktop\Sophomore\Spring\Artificial Intelligence\GA Cipher Buster\GA Cipher Buster\Genetic.cpp(236,28): warning C4018: '<': signed/unsigned mismatch
C:\Users\colem\Desktop\Sophomore\Spring\Artificial Intelligence\GA Cipher Buster\GA Cipher Buster\Genetic.cpp(266,28): warning C4018: '<': signed/unsigned mismatch
C:\Users\colem\Desktop\Sophomore\Spring\Artificial Intelligence\GA Cipher Buster\GA Cipher Buster\Genetic.cpp(367,22): warning C4018: '<': signed/unsigned mismatch
C:\Users\colem\Desktop\Sophomore\Spring\Artificial Intelligence\GA Cipher Buster\GA Cipher Buster\Genetic.cpp(426,38): warning C4018: '<': signed/unsigned mismatch
C:\Users\colem\Desktop\Sophomore\Spring\Artificial Intelligence\GA Cipher Buster\GA Cipher Buster\Genetic.cpp(451,20): warning C4018: '<': signed/unsigned mismatch
C:\Users\colem\Desktop\Sophomore\Spring\Artificial Intelligence\GA Cipher Buster\GA Cipher Buster\Genetic.cpp(453,21): warning C4018: '<': signed/unsigned mismatch
C:\Users\colem\Desktop\Sophomore\Spring\Artificial Intelligence\GA Cipher Buster\GA Cipher Buster\Genetic.cpp(455,31): warning C4244: '/=': conversion from 'double' to 'int', possible loss of data
C:\Users\colem\Desktop\Sophomore\Spring\Artificial Intelligence\GA Cipher Buster\GA Cipher Buster\Genetic.cpp(508,21): warning C4018: '<': signed/unsigned mismatch
C:\Users\colem\Desktop\Sophomore\Spring\Artificial Intelligence\GA Cipher Buster\GA Cipher Buster\Genetic.cpp(520,15): warning C4018: '<': signed/unsigned mismatch
C:\Users\colem\Desktop\Sophomore\Spring\Artificial Intelligence\GA Cipher Buster\GA Cipher Buster\Genetic.cpp(609,34): warning C4018: '<': signed/unsigned mismatch
C:\Users\colem\Desktop\Sophomore\Spring\Artificial Intelligence\GA Cipher Buster\GA Cipher Buster\Genetic.cpp(630,34): warning C4018: '<': signed/unsigned mismatch
C:\Users\colem\Desktop\Sophomore\Spring\Artificial Intelligence\GA Cipher Buster\GA Cipher Buster\Genetic.cpp(675,20): warning C4018: '<': signed/unsigned mismatch
  Main.cpp
  Member.cpp
C:\Users\colem\Desktop\Sophomore\Spring\Artificial Intelligence\GA Cipher Buster\GA Cipher Buster\Member.cpp(150,20): warning C4018: '<': signed/unsigned mismatch
C:\Users\colem\Desktop\Sophomore\Spring\Artificial Intelligence\GA Cipher Buster\GA Cipher Buster\Member.cpp(153,20): warning C4018: '<': signed/unsigned mismatch
C:\Users\colem\Desktop\Sophomore\Spring\Artificial Intelligence\GA Cipher Buster\GA Cipher Buster\Member.cpp(155,31): warning C4018: '<': signed/unsigned mismatch
C:\Users\colem\Desktop\Sophomore\Spring\Artificial Intelligence\GA Cipher Buster\GA Cipher Buster\Member.cpp(162,24): warning C4018: '<': signed/unsigned mismatch
C:\Users\colem\Desktop\Sophomore\Spring\Artificial Intelligence\GA Cipher Buster\GA Cipher Buster\Member.cpp(166,34): warning C4018: '<': signed/unsigned mismatch
  steadystate.cpp
  Generating code
  Previous IPDB was built with incompatible compiler, fall back to full compilation.
  All 552 functions were compiled because no usable IPDB/IOBJ from previous compilation was found.
  Finished generating code
  GA Cipher Buster.vcxproj -> C:\Users\colem\Desktop\Sophomore\Spring\Artificial Intelligence\GA Cipher Buster\Release\GA Cipher Buster.exe
